<?xml version="1.0" encoding="UTF-8"?>
<testng-results total="1" passed="1" failed="0" skipped="0">
  <reporter-output>
  </reporter-output>
  <suite started-at="2022-04-12T22:25:52Z" name="Suite" finished-at="2022-04-12T22:25:52Z" duration-ms="27">
    <groups>
    </groups>
    <test started-at="2022-04-12T22:25:52Z" name="Test" finished-at="2022-04-12T22:25:52Z" duration-ms="27">
      <class name="testPackage.TestClass">
        <test-method signature="test()[pri:0, instance:testPackage.TestClass@4b5189ac]" started-at="2022-04-13T00:25:52Z" name="test" finished-at="2022-04-13T00:25:52Z" duration-ms="12" status="PASS">
          <reporter-output>
          </reporter-output>
        </test-method> <!-- test -->
      </class> <!-- testPackage.TestClass -->
    </test> <!-- Test -->
  </suite> <!-- Suite -->
</testng-results>
