<?xml version="1.0" encoding="UTF-8"?>
<testng-results total="1" passed="1" failed="0" skipped="0">
  <reporter-output>
  </reporter-output>
  <suite started-at="2022-04-12T22:13:29Z" name="Default suite" finished-at="2022-04-12T22:13:29Z" duration-ms="37">
    <groups>
    </groups>
    <test started-at="2022-04-12T22:13:29Z" name="Default test" finished-at="2022-04-12T22:13:29Z" duration-ms="37">
      <class name="TestClass">
        <test-method signature="test()[pri:0, instance:TestClass@398dada8]" started-at="2022-04-13T00:13:29Z" name="test" finished-at="2022-04-13T00:13:29Z" duration-ms="16" status="PASS">
          <reporter-output>
          </reporter-output>
        </test-method> <!-- test -->
      </class> <!-- TestClass -->
    </test> <!-- Default test -->
  </suite> <!-- Default suite -->
</testng-results>
